CRITICAL - 2025-02-11 10:36:13 --> Error: Call to undefined function img()
[Method: GET, Route: /]
in APPPATH\Views\home.php on line 14.
 1 SYSTEMPATH\View\View.php(224): include()
 2 SYSTEMPATH\View\View.php(227): CodeIgniter\View\View->{closure:CodeIgniter\View\View::render():221}()
 3 SYSTEMPATH\Common.php(1173): CodeIgniter\View\View->render('home', [], true)
 4 APPPATH\Controllers\HomeController.php(13): view('home', [...])
 5 SYSTEMPATH\CodeIgniter.php(933): App\Controllers\HomeController->index()
 6 SYSTEMPATH\CodeIgniter.php(507): CodeIgniter\CodeIgniter->runController(Object(App\Controllers\HomeController))
 7 SYSTEMPATH\CodeIgniter.php(354): CodeIgniter\CodeIgniter->handleRequest(null, Object(Config\Cache), false)
 8 SYSTEMPATH\Boot.php(334): CodeIgniter\CodeIgniter->run()
 9 SYSTEMPATH\Boot.php(67): CodeIgniter\Boot::runCodeIgniter(Object(CodeIgniter\CodeIgniter))
10 FCPATH\index.php(56): CodeIgniter\Boot::bootWeb(Object(Config\Paths))
CRITICAL - 2025-02-11 10:36:13 --> Error: Call to undefined function img()
[Method: GET, Route: /]
in APPPATH\Views\home.php on line 14.
 1 SYSTEMPATH\View\View.php(224): include()
 2 SYSTEMPATH\View\View.php(227): CodeIgniter\View\View->{closure:CodeIgniter\View\View::render():221}()
 3 SYSTEMPATH\Common.php(1173): CodeIgniter\View\View->render('home', [], true)
 4 APPPATH\Controllers\HomeController.php(13): view('home', [...])
 5 SYSTEMPATH\CodeIgniter.php(933): App\Controllers\HomeController->index()
 6 SYSTEMPATH\CodeIgniter.php(507): CodeIgniter\CodeIgniter->runController(Object(App\Controllers\HomeController))
 7 SYSTEMPATH\CodeIgniter.php(354): CodeIgniter\CodeIgniter->handleRequest(null, Object(Config\Cache), false)
 8 SYSTEMPATH\Boot.php(334): CodeIgniter\CodeIgniter->run()
 9 SYSTEMPATH\Boot.php(67): CodeIgniter\Boot::runCodeIgniter(Object(CodeIgniter\CodeIgniter))
10 FCPATH\index.php(56): CodeIgniter\Boot::bootWeb(Object(Config\Paths))
CRITICAL - 2025-02-11 11:54:52 --> ErrorException: readfile(C:\Users\silmara.almeida\Documents\GitHub\GestorDoGrao\app\Viewspublic/assets/css/cards.css): Failed to open stream: No such file or directory
[Method: GET, Route: /]
in APPPATH\Views\home.php on line 17.
 1 [internal function]: CodeIgniter\Debug\Exceptions->errorHandler(2, 'readfile(C:\\Users\\silmara.almeida\\Documents\\GitHub\\GestorDoGrao\\app\\Viewspublic/assets/css/cards.css): Failed to open stream: No such file or directory', 'C:\\Users\\silmara.almeida\\Documents\\GitHub\\GestorDoGrao\\app\\Views\\home.php', 17)
 2 APPPATH\Views\home.php(17): readfile('C:\\Users\\silmara.almeida\\Documents\\GitHub\\GestorDoGrao\\app\\Viewspublic/assets/css/cards.css')
 3 SYSTEMPATH\View\View.php(224): include('C:\\Users\\silmara.almeida\\Documents\\GitHub\\GestorDoGrao\\app\\Views\\home.php')
 4 SYSTEMPATH\View\View.php(227): CodeIgniter\View\View->{closure:CodeIgniter\View\View::render():221}()
 5 SYSTEMPATH\Common.php(1173): CodeIgniter\View\View->render('home', [], true)
 6 APPPATH\Controllers\HomeController.php(15): view('home', [...])
 7 SYSTEMPATH\CodeIgniter.php(933): App\Controllers\HomeController->index()
 8 SYSTEMPATH\CodeIgniter.php(507): CodeIgniter\CodeIgniter->runController(Object(App\Controllers\HomeController))
 9 SYSTEMPATH\CodeIgniter.php(354): CodeIgniter\CodeIgniter->handleRequest(null, Object(Config\Cache), false)
10 SYSTEMPATH\Boot.php(334): CodeIgniter\CodeIgniter->run()
11 SYSTEMPATH\Boot.php(67): CodeIgniter\Boot::runCodeIgniter(Object(CodeIgniter\CodeIgniter))
12 FCPATH\index.php(56): CodeIgniter\Boot::bootWeb(Object(Config\Paths))
CRITICAL - 2025-02-11 11:55:17 --> ErrorException: readfile(C:\Users\silmara.almeida\Documents\GitHub\GestorDoGrao\app\Viewspublic/assets/css/cards): Failed to open stream: No such file or directory
[Method: GET, Route: /]
in APPPATH\Views\home.php on line 17.
 1 [internal function]: CodeIgniter\Debug\Exceptions->errorHandler(2, 'readfile(C:\\Users\\silmara.almeida\\Documents\\GitHub\\GestorDoGrao\\app\\Viewspublic/assets/css/cards): Failed to open stream: No such file or directory', 'C:\\Users\\silmara.almeida\\Documents\\GitHub\\GestorDoGrao\\app\\Views\\home.php', 17)
 2 APPPATH\Views\home.php(17): readfile('C:\\Users\\silmara.almeida\\Documents\\GitHub\\GestorDoGrao\\app\\Viewspublic/assets/css/cards')
 3 SYSTEMPATH\View\View.php(224): include('C:\\Users\\silmara.almeida\\Documents\\GitHub\\GestorDoGrao\\app\\Views\\home.php')
 4 SYSTEMPATH\View\View.php(227): CodeIgniter\View\View->{closure:CodeIgniter\View\View::render():221}()
 5 SYSTEMPATH\Common.php(1173): CodeIgniter\View\View->render('home', [], true)
 6 APPPATH\Controllers\HomeController.php(15): view('home', [...])
 7 SYSTEMPATH\CodeIgniter.php(933): App\Controllers\HomeController->index()
 8 SYSTEMPATH\CodeIgniter.php(507): CodeIgniter\CodeIgniter->runController(Object(App\Controllers\HomeController))
 9 SYSTEMPATH\CodeIgniter.php(354): CodeIgniter\CodeIgniter->handleRequest(null, Object(Config\Cache), false)
10 SYSTEMPATH\Boot.php(334): CodeIgniter\CodeIgniter->run()
11 SYSTEMPATH\Boot.php(67): CodeIgniter\Boot::runCodeIgniter(Object(CodeIgniter\CodeIgniter))
12 FCPATH\index.php(56): CodeIgniter\Boot::bootWeb(Object(Config\Paths))
CRITICAL - 2025-02-11 11:55:18 --> ErrorException: readfile(C:\Users\silmara.almeida\Documents\GitHub\GestorDoGrao\app\Viewspublic/assets/css/cards): Failed to open stream: No such file or directory
[Method: GET, Route: /]
in APPPATH\Views\home.php on line 17.
 1 [internal function]: CodeIgniter\Debug\Exceptions->errorHandler(2, 'readfile(C:\\Users\\silmara.almeida\\Documents\\GitHub\\GestorDoGrao\\app\\Viewspublic/assets/css/cards): Failed to open stream: No such file or directory', 'C:\\Users\\silmara.almeida\\Documents\\GitHub\\GestorDoGrao\\app\\Views\\home.php', 17)
 2 APPPATH\Views\home.php(17): readfile('C:\\Users\\silmara.almeida\\Documents\\GitHub\\GestorDoGrao\\app\\Viewspublic/assets/css/cards')
 3 SYSTEMPATH\View\View.php(224): include('C:\\Users\\silmara.almeida\\Documents\\GitHub\\GestorDoGrao\\app\\Views\\home.php')
 4 SYSTEMPATH\View\View.php(227): CodeIgniter\View\View->{closure:CodeIgniter\View\View::render():221}()
 5 SYSTEMPATH\Common.php(1173): CodeIgniter\View\View->render('home', [], true)
 6 APPPATH\Controllers\HomeController.php(15): view('home', [...])
 7 SYSTEMPATH\CodeIgniter.php(933): App\Controllers\HomeController->index()
 8 SYSTEMPATH\CodeIgniter.php(507): CodeIgniter\CodeIgniter->runController(Object(App\Controllers\HomeController))
 9 SYSTEMPATH\CodeIgniter.php(354): CodeIgniter\CodeIgniter->handleRequest(null, Object(Config\Cache), false)
10 SYSTEMPATH\Boot.php(334): CodeIgniter\CodeIgniter->run()
11 SYSTEMPATH\Boot.php(67): CodeIgniter\Boot::runCodeIgniter(Object(CodeIgniter\CodeIgniter))
12 FCPATH\index.php(56): CodeIgniter\Boot::bootWeb(Object(Config\Paths))
CRITICAL - 2025-02-11 11:55:31 --> ErrorException: readfile(C:\Users\silmara.almeida\Documents\GitHub\GestorDoGrao\app\Views../../public/assets/css/cards.css): Failed to open stream: No such file or directory
[Method: GET, Route: /]
in APPPATH\Views\home.php on line 17.
 1 [internal function]: CodeIgniter\Debug\Exceptions->errorHandler(2, 'readfile(C:\\Users\\silmara.almeida\\Documents\\GitHub\\GestorDoGrao\\app\\Views../../public/assets/css/cards.css): Failed to open stream: No such file or directory', 'C:\\Users\\silmara.almeida\\Documents\\GitHub\\GestorDoGrao\\app\\Views\\home.php', 17)
 2 APPPATH\Views\home.php(17): readfile('C:\\Users\\silmara.almeida\\Documents\\GitHub\\GestorDoGrao\\app\\Views../../public/assets/css/cards.css')
 3 SYSTEMPATH\View\View.php(224): include('C:\\Users\\silmara.almeida\\Documents\\GitHub\\GestorDoGrao\\app\\Views\\home.php')
 4 SYSTEMPATH\View\View.php(227): CodeIgniter\View\View->{closure:CodeIgniter\View\View::render():221}()
 5 SYSTEMPATH\Common.php(1173): CodeIgniter\View\View->render('home', [], true)
 6 APPPATH\Controllers\HomeController.php(15): view('home', [...])
 7 SYSTEMPATH\CodeIgniter.php(933): App\Controllers\HomeController->index()
 8 SYSTEMPATH\CodeIgniter.php(507): CodeIgniter\CodeIgniter->runController(Object(App\Controllers\HomeController))
 9 SYSTEMPATH\CodeIgniter.php(354): CodeIgniter\CodeIgniter->handleRequest(null, Object(Config\Cache), false)
10 SYSTEMPATH\Boot.php(334): CodeIgniter\CodeIgniter->run()
11 SYSTEMPATH\Boot.php(67): CodeIgniter\Boot::runCodeIgniter(Object(CodeIgniter\CodeIgniter))
12 FCPATH\index.php(56): CodeIgniter\Boot::bootWeb(Object(Config\Paths))
CRITICAL - 2025-02-11 11:55:32 --> ErrorException: readfile(C:\Users\silmara.almeida\Documents\GitHub\GestorDoGrao\app\Views../../public/assets/css/cards.css): Failed to open stream: No such file or directory
[Method: GET, Route: /]
in APPPATH\Views\home.php on line 17.
 1 [internal function]: CodeIgniter\Debug\Exceptions->errorHandler(2, 'readfile(C:\\Users\\silmara.almeida\\Documents\\GitHub\\GestorDoGrao\\app\\Views../../public/assets/css/cards.css): Failed to open stream: No such file or directory', 'C:\\Users\\silmara.almeida\\Documents\\GitHub\\GestorDoGrao\\app\\Views\\home.php', 17)
 2 APPPATH\Views\home.php(17): readfile('C:\\Users\\silmara.almeida\\Documents\\GitHub\\GestorDoGrao\\app\\Views../../public/assets/css/cards.css')
 3 SYSTEMPATH\View\View.php(224): include('C:\\Users\\silmara.almeida\\Documents\\GitHub\\GestorDoGrao\\app\\Views\\home.php')
 4 SYSTEMPATH\View\View.php(227): CodeIgniter\View\View->{closure:CodeIgniter\View\View::render():221}()
 5 SYSTEMPATH\Common.php(1173): CodeIgniter\View\View->render('home', [], true)
 6 APPPATH\Controllers\HomeController.php(15): view('home', [...])
 7 SYSTEMPATH\CodeIgniter.php(933): App\Controllers\HomeController->index()
 8 SYSTEMPATH\CodeIgniter.php(507): CodeIgniter\CodeIgniter->runController(Object(App\Controllers\HomeController))
 9 SYSTEMPATH\CodeIgniter.php(354): CodeIgniter\CodeIgniter->handleRequest(null, Object(Config\Cache), false)
10 SYSTEMPATH\Boot.php(334): CodeIgniter\CodeIgniter->run()
11 SYSTEMPATH\Boot.php(67): CodeIgniter\Boot::runCodeIgniter(Object(CodeIgniter\CodeIgniter))
12 FCPATH\index.php(56): CodeIgniter\Boot::bootWeb(Object(Config\Paths))
CRITICAL - 2025-02-11 13:09:55 --> Error: Call to undefined function img()
[Method: GET, Route: /]
in APPPATH\Views\partials\header.php on line 14.
 1 SYSTEMPATH\View\View.php(224): include()
 2 SYSTEMPATH\View\View.php(227): CodeIgniter\View\View->{closure:CodeIgniter\View\View::render():221}()
 3 SYSTEMPATH\Common.php(1173): CodeIgniter\View\View->render('partials/header', [], true)
 4 APPPATH\Controllers\HomeController.php(17): view('partials/header', [...])
 5 SYSTEMPATH\CodeIgniter.php(933): App\Controllers\HomeController->index()
 6 SYSTEMPATH\CodeIgniter.php(507): CodeIgniter\CodeIgniter->runController(Object(App\Controllers\HomeController))
 7 SYSTEMPATH\CodeIgniter.php(354): CodeIgniter\CodeIgniter->handleRequest(null, Object(Config\Cache), false)
 8 SYSTEMPATH\Boot.php(334): CodeIgniter\CodeIgniter->run()
 9 SYSTEMPATH\Boot.php(67): CodeIgniter\Boot::runCodeIgniter(Object(CodeIgniter\CodeIgniter))
10 FCPATH\index.php(56): CodeIgniter\Boot::bootWeb(Object(Config\Paths))
CRITICAL - 2025-02-11 14:00:17 --> Error: Call to undefined function img()
[Method: GET, Route: /]
in APPPATH\Views\partials\header.php on line 14.
 1 SYSTEMPATH\View\View.php(224): include()
 2 SYSTEMPATH\View\View.php(227): CodeIgniter\View\View->{closure:CodeIgniter\View\View::render():221}()
 3 SYSTEMPATH\Common.php(1173): CodeIgniter\View\View->render('partials/header', [], true)
 4 APPPATH\Controllers\HomeController.php(18): view('partials/header', [...])
 5 SYSTEMPATH\CodeIgniter.php(933): App\Controllers\HomeController->index()
 6 SYSTEMPATH\CodeIgniter.php(507): CodeIgniter\CodeIgniter->runController(Object(App\Controllers\HomeController))
 7 SYSTEMPATH\CodeIgniter.php(354): CodeIgniter\CodeIgniter->handleRequest(null, Object(Config\Cache), false)
 8 SYSTEMPATH\Boot.php(334): CodeIgniter\CodeIgniter->run()
 9 SYSTEMPATH\Boot.php(67): CodeIgniter\Boot::runCodeIgniter(Object(CodeIgniter\CodeIgniter))
10 FCPATH\index.php(56): CodeIgniter\Boot::bootWeb(Object(Config\Paths))
CRITICAL - 2025-02-11 14:00:32 --> Error: Call to undefined function img()
[Method: GET, Route: /]
in APPPATH\Views\partials\header.php on line 14.
 1 SYSTEMPATH\View\View.php(224): include()
 2 SYSTEMPATH\View\View.php(227): CodeIgniter\View\View->{closure:CodeIgniter\View\View::render():221}()
 3 SYSTEMPATH\Common.php(1173): CodeIgniter\View\View->render('partials/header', [], true)
 4 APPPATH\Controllers\HomeController.php(18): view('partials/header', [...])
 5 SYSTEMPATH\CodeIgniter.php(933): App\Controllers\HomeController->index()
 6 SYSTEMPATH\CodeIgniter.php(507): CodeIgniter\CodeIgniter->runController(Object(App\Controllers\HomeController))
 7 SYSTEMPATH\CodeIgniter.php(354): CodeIgniter\CodeIgniter->handleRequest(null, Object(Config\Cache), false)
 8 SYSTEMPATH\Boot.php(334): CodeIgniter\CodeIgniter->run()
 9 SYSTEMPATH\Boot.php(67): CodeIgniter\Boot::runCodeIgniter(Object(CodeIgniter\CodeIgniter))
10 FCPATH\index.php(56): CodeIgniter\Boot::bootWeb(Object(Config\Paths))
CRITICAL - 2025-02-11 14:00:33 --> Error: Call to undefined function img()
[Method: GET, Route: /]
in APPPATH\Views\partials\header.php on line 14.
 1 SYSTEMPATH\View\View.php(224): include()
 2 SYSTEMPATH\View\View.php(227): CodeIgniter\View\View->{closure:CodeIgniter\View\View::render():221}()
 3 SYSTEMPATH\Common.php(1173): CodeIgniter\View\View->render('partials/header', [], true)
 4 APPPATH\Controllers\HomeController.php(18): view('partials/header', [...])
 5 SYSTEMPATH\CodeIgniter.php(933): App\Controllers\HomeController->index()
 6 SYSTEMPATH\CodeIgniter.php(507): CodeIgniter\CodeIgniter->runController(Object(App\Controllers\HomeController))
 7 SYSTEMPATH\CodeIgniter.php(354): CodeIgniter\CodeIgniter->handleRequest(null, Object(Config\Cache), false)
 8 SYSTEMPATH\Boot.php(334): CodeIgniter\CodeIgniter->run()
 9 SYSTEMPATH\Boot.php(67): CodeIgniter\Boot::runCodeIgniter(Object(CodeIgniter\CodeIgniter))
10 FCPATH\index.php(56): CodeIgniter\Boot::bootWeb(Object(Config\Paths))
